{"C:\\Users\\じゅぶ\\Desktop\\dev\\course\\todo-with-hono-app\\todo-with-hono-frontend\\src\\components\\Todo.tsx": {"path":"C:\\Users\\じゅぶ\\Desktop\\dev\\course\\todo-with-hono-app\\todo-with-hono-frontend\\src\\components\\Todo.tsx","all":false,"statementMap":{"0":{"start":{"line":1,"column":0},"end":{"line":1,"column":33}},"1":{"start":{"line":2,"column":0},"end":{"line":2,"column":34}},"2":{"start":{"line":3,"column":0},"end":{"line":3,"column":0}},"3":{"start":{"line":4,"column":0},"end":{"line":4,"column":21}},"4":{"start":{"line":5,"column":0},"end":{"line":5,"column":17}},"5":{"start":{"line":6,"column":0},"end":{"line":6,"column":33}},"6":{"start":{"line":7,"column":0},"end":{"line":7,"column":63}},"7":{"start":{"line":8,"column":0},"end":{"line":8,"column":1}},"8":{"start":{"line":9,"column":0},"end":{"line":9,"column":0}},"9":{"start":{"line":10,"column":0},"end":{"line":10,"column":57}},"10":{"start":{"line":11,"column":0},"end":{"line":11,"column":65}},"11":{"start":{"line":12,"column":0},"end":{"line":12,"column":52}},"12":{"start":{"line":13,"column":0},"end":{"line":13,"column":58}},"13":{"start":{"line":14,"column":0},"end":{"line":14,"column":26}},"14":{"start":{"line":15,"column":0},"end":{"line":15,"column":4}},"15":{"start":{"line":16,"column":0},"end":{"line":16,"column":0}},"16":{"start":{"line":17,"column":0},"end":{"line":17,"column":28}},"17":{"start":{"line":18,"column":0},"end":{"line":18,"column":23}},"18":{"start":{"line":19,"column":0},"end":{"line":19,"column":4}},"19":{"start":{"line":20,"column":0},"end":{"line":20,"column":0}},"20":{"start":{"line":21,"column":0},"end":{"line":21,"column":28}},"21":{"start":{"line":22,"column":0},"end":{"line":22,"column":34}},"22":{"start":{"line":23,"column":0},"end":{"line":23,"column":13}},"23":{"start":{"line":24,"column":0},"end":{"line":24,"column":5}},"24":{"start":{"line":25,"column":0},"end":{"line":25,"column":45}},"25":{"start":{"line":26,"column":0},"end":{"line":26,"column":24}},"26":{"start":{"line":27,"column":0},"end":{"line":27,"column":4}},"27":{"start":{"line":28,"column":0},"end":{"line":28,"column":0}},"28":{"start":{"line":29,"column":0},"end":{"line":29,"column":34}},"29":{"start":{"line":30,"column":0},"end":{"line":30,"column":33}},"30":{"start":{"line":31,"column":0},"end":{"line":31,"column":47}},"31":{"start":{"line":32,"column":0},"end":{"line":32,"column":4}},"32":{"start":{"line":33,"column":0},"end":{"line":33,"column":0}},"33":{"start":{"line":34,"column":0},"end":{"line":34,"column":10}},"34":{"start":{"line":35,"column":0},"end":{"line":35,"column":99}},"35":{"start":{"line":36,"column":0},"end":{"line":36,"column":51}},"36":{"start":{"line":37,"column":0},"end":{"line":37,"column":14}},"37":{"start":{"line":38,"column":0},"end":{"line":38,"column":163}},"38":{"start":{"line":39,"column":0},"end":{"line":39,"column":25}},"39":{"start":{"line":40,"column":0},"end":{"line":40,"column":31}},"40":{"start":{"line":41,"column":0},"end":{"line":41,"column":37}},"41":{"start":{"line":42,"column":0},"end":{"line":42,"column":10}},"42":{"start":{"line":43,"column":0},"end":{"line":43,"column":22}},"43":{"start":{"line":44,"column":0},"end":{"line":44,"column":16}},"44":{"start":{"line":45,"column":0},"end":{"line":45,"column":23}},"45":{"start":{"line":46,"column":0},"end":{"line":46,"column":58}},"46":{"start":{"line":47,"column":0},"end":{"line":47,"column":29}},"47":{"start":{"line":48,"column":0},"end":{"line":48,"column":47}},"48":{"start":{"line":49,"column":0},"end":{"line":49,"column":12}},"49":{"start":{"line":50,"column":0},"end":{"line":50,"column":13}},"50":{"start":{"line":51,"column":0},"end":{"line":51,"column":15}},"51":{"start":{"line":52,"column":0},"end":{"line":52,"column":59}},"52":{"start":{"line":53,"column":0},"end":{"line":53,"column":47}},"53":{"start":{"line":54,"column":0},"end":{"line":54,"column":15}},"54":{"start":{"line":55,"column":0},"end":{"line":55,"column":11}},"55":{"start":{"line":56,"column":0},"end":{"line":56,"column":24}},"56":{"start":{"line":57,"column":0},"end":{"line":57,"column":17}},"57":{"start":{"line":58,"column":0},"end":{"line":58,"column":10}},"58":{"start":{"line":59,"column":0},"end":{"line":59,"column":12}},"59":{"start":{"line":60,"column":0},"end":{"line":60,"column":38}},"60":{"start":{"line":61,"column":0},"end":{"line":61,"column":22}},"61":{"start":{"line":62,"column":0},"end":{"line":62,"column":50}},"62":{"start":{"line":63,"column":0},"end":{"line":63,"column":13}},"63":{"start":{"line":64,"column":0},"end":{"line":64,"column":17}},"64":{"start":{"line":65,"column":0},"end":{"line":65,"column":57}},"65":{"start":{"line":66,"column":0},"end":{"line":66,"column":32}},"66":{"start":{"line":67,"column":0},"end":{"line":67,"column":27}},"67":{"start":{"line":68,"column":0},"end":{"line":68,"column":11}},"68":{"start":{"line":69,"column":0},"end":{"line":69,"column":16}},"69":{"start":{"line":70,"column":0},"end":{"line":70,"column":33}},"70":{"start":{"line":71,"column":0},"end":{"line":71,"column":33}},"71":{"start":{"line":72,"column":0},"end":{"line":72,"column":33}},"72":{"start":{"line":73,"column":0},"end":{"line":73,"column":48}},"73":{"start":{"line":74,"column":0},"end":{"line":74,"column":13}},"74":{"start":{"line":75,"column":0},"end":{"line":75,"column":146}},"75":{"start":{"line":76,"column":0},"end":{"line":76,"column":18}},"76":{"start":{"line":77,"column":0},"end":{"line":77,"column":19}},"77":{"start":{"line":78,"column":0},"end":{"line":78,"column":10}},"78":{"start":{"line":79,"column":0},"end":{"line":79,"column":0}},"79":{"start":{"line":80,"column":0},"end":{"line":80,"column":15}},"80":{"start":{"line":81,"column":0},"end":{"line":81,"column":44}},"81":{"start":{"line":82,"column":0},"end":{"line":82,"column":53}},"82":{"start":{"line":83,"column":0},"end":{"line":83,"column":25}},"83":{"start":{"line":84,"column":0},"end":{"line":84,"column":9}},"84":{"start":{"line":85,"column":0},"end":{"line":85,"column":14}},"85":{"start":{"line":86,"column":0},"end":{"line":86,"column":31}},"86":{"start":{"line":87,"column":0},"end":{"line":87,"column":31}},"87":{"start":{"line":88,"column":0},"end":{"line":88,"column":31}},"88":{"start":{"line":89,"column":0},"end":{"line":89,"column":46}},"89":{"start":{"line":90,"column":0},"end":{"line":90,"column":11}},"90":{"start":{"line":91,"column":0},"end":{"line":91,"column":17}},"91":{"start":{"line":92,"column":0},"end":{"line":92,"column":32}},"92":{"start":{"line":93,"column":0},"end":{"line":93,"column":221}},"93":{"start":{"line":94,"column":0},"end":{"line":94,"column":32}},"94":{"start":{"line":95,"column":0},"end":{"line":95,"column":14}},"95":{"start":{"line":96,"column":0},"end":{"line":96,"column":16}},"96":{"start":{"line":97,"column":0},"end":{"line":97,"column":17}},"97":{"start":{"line":98,"column":0},"end":{"line":98,"column":12}},"98":{"start":{"line":99,"column":0},"end":{"line":99,"column":10}},"99":{"start":{"line":100,"column":0},"end":{"line":100,"column":4}},"100":{"start":{"line":101,"column":0},"end":{"line":101,"column":2}},"101":{"start":{"line":102,"column":0},"end":{"line":102,"column":0}},"102":{"start":{"line":103,"column":0},"end":{"line":103,"column":20}}},"s":{"0":1,"1":1,"2":1,"3":1,"4":1,"5":1,"6":1,"7":1,"8":1,"9":1,"10":19,"11":19,"12":19,"13":19,"14":19,"15":19,"16":19,"17":0,"18":0,"19":19,"20":19,"21":0,"22":0,"23":0,"24":0,"25":0,"26":0,"27":19,"28":19,"29":0,"30":0,"31":0,"32":19,"33":19,"34":19,"35":19,"36":19,"37":19,"38":19,"39":19,"40":19,"41":19,"42":19,"43":0,"44":0,"45":0,"46":0,"47":0,"48":0,"49":0,"50":19,"51":19,"52":19,"53":19,"54":19,"55":19,"56":19,"57":19,"58":19,"59":19,"60":19,"61":0,"62":0,"63":19,"64":19,"65":19,"66":19,"67":19,"68":19,"69":19,"70":19,"71":19,"72":19,"73":19,"74":19,"75":19,"76":19,"77":19,"78":19,"79":19,"80":19,"81":19,"82":19,"83":19,"84":19,"85":19,"86":19,"87":19,"88":19,"89":19,"90":19,"91":19,"92":19,"93":19,"94":19,"95":19,"96":19,"97":19,"98":19,"99":19,"100":19,"101":1,"102":1},"branchMap":{"0":{"type":"branch","line":10,"loc":{"start":{"line":10,"column":13},"end":{"line":101,"column":2}},"locations":[{"start":{"line":10,"column":13},"end":{"line":101,"column":2}}]},"1":{"type":"branch","line":43,"loc":{"start":{"line":43,"column":9},"end":{"line":51,"column":11}},"locations":[{"start":{"line":43,"column":9},"end":{"line":51,"column":11}}]},"2":{"type":"branch","line":53,"loc":{"start":{"line":53,"column":14},"end":{"line":53,"column":45}},"locations":[{"start":{"line":53,"column":14},"end":{"line":53,"column":45}}]},"3":{"type":"branch","line":53,"loc":{"start":{"line":53,"column":28},"end":{"line":53,"column":47}},"locations":[{"start":{"line":53,"column":28},"end":{"line":53,"column":47}}]},"4":{"type":"branch","line":61,"loc":{"start":{"line":61,"column":9},"end":{"line":64,"column":11}},"locations":[{"start":{"line":61,"column":9},"end":{"line":64,"column":11}}]},"5":{"type":"branch","line":81,"loc":{"start":{"line":81,"column":19},"end":{"line":81,"column":44}},"locations":[{"start":{"line":81,"column":19},"end":{"line":81,"column":44}}]}},"b":{"0":[19],"1":[0],"2":[7],"3":[12],"4":[0],"5":[1]},"fnMap":{"0":{"name":"Todo","decl":{"start":{"line":10,"column":13},"end":{"line":101,"column":2}},"loc":{"start":{"line":10,"column":13},"end":{"line":101,"column":2}},"line":10},"1":{"name":"handleEdit","decl":{"start":{"line":17,"column":21},"end":{"line":19,"column":4}},"loc":{"start":{"line":17,"column":21},"end":{"line":19,"column":4}},"line":17},"2":{"name":"handleSave","decl":{"start":{"line":21,"column":21},"end":{"line":27,"column":4}},"loc":{"start":{"line":21,"column":21},"end":{"line":27,"column":4}},"line":21},"3":{"name":"toggleCompletion","decl":{"start":{"line":29,"column":27},"end":{"line":32,"column":4}},"loc":{"start":{"line":29,"column":27},"end":{"line":32,"column":4}},"line":29},"4":{"name":"onChange","decl":{"start":{"line":46,"column":22},"end":{"line":46,"column":58}},"loc":{"start":{"line":46,"column":22},"end":{"line":46,"column":58}},"line":46},"5":{"name":"onClick","decl":{"start":{"line":81,"column":19},"end":{"line":81,"column":44}},"loc":{"start":{"line":81,"column":19},"end":{"line":81,"column":44}},"line":81}},"f":{"0":19,"1":0,"2":0,"3":0,"4":0,"5":1}}
,"C:\\Users\\じゅぶ\\Desktop\\dev\\course\\todo-with-hono-app\\todo-with-hono-frontend\\src\\components\\TodoApp.tsx": {"path":"C:\\Users\\じゅぶ\\Desktop\\dev\\course\\todo-with-hono-app\\todo-with-hono-frontend\\src\\components\\TodoApp.tsx","all":false,"statementMap":{"0":{"start":{"line":1,"column":0},"end":{"line":1,"column":63}},"1":{"start":{"line":2,"column":0},"end":{"line":2,"column":47}},"2":{"start":{"line":3,"column":0},"end":{"line":3,"column":36}},"3":{"start":{"line":4,"column":0},"end":{"line":4,"column":34}},"4":{"start":{"line":5,"column":0},"end":{"line":5,"column":0}},"5":{"start":{"line":6,"column":0},"end":{"line":6,"column":23}},"6":{"start":{"line":7,"column":0},"end":{"line":7,"column":60}},"7":{"start":{"line":8,"column":0},"end":{"line":8,"column":41}},"8":{"start":{"line":9,"column":0},"end":{"line":9,"column":37}},"9":{"start":{"line":10,"column":0},"end":{"line":10,"column":0}},"10":{"start":{"line":11,"column":0},"end":{"line":11,"column":40}},"11":{"start":{"line":12,"column":0},"end":{"line":12,"column":30}},"12":{"start":{"line":13,"column":0},"end":{"line":13,"column":4}},"13":{"start":{"line":14,"column":0},"end":{"line":14,"column":0}},"14":{"start":{"line":15,"column":0},"end":{"line":15,"column":75}},"15":{"start":{"line":16,"column":0},"end":{"line":16,"column":52}},"16":{"start":{"line":17,"column":0},"end":{"line":17,"column":4}},"17":{"start":{"line":18,"column":0},"end":{"line":18,"column":0}},"18":{"start":{"line":19,"column":0},"end":{"line":19,"column":46}},"19":{"start":{"line":20,"column":0},"end":{"line":20,"column":0}},"20":{"start":{"line":21,"column":0},"end":{"line":21,"column":14}},"21":{"start":{"line":22,"column":0},"end":{"line":22,"column":44}},"22":{"start":{"line":23,"column":0},"end":{"line":23,"column":3}},"23":{"start":{"line":24,"column":0},"end":{"line":24,"column":0}},"24":{"start":{"line":25,"column":0},"end":{"line":25,"column":10}},"25":{"start":{"line":26,"column":0},"end":{"line":26,"column":102}},"26":{"start":{"line":27,"column":0},"end":{"line":27,"column":90}},"27":{"start":{"line":28,"column":0},"end":{"line":28,"column":81}},"28":{"start":{"line":29,"column":0},"end":{"line":29,"column":18}},"29":{"start":{"line":30,"column":0},"end":{"line":30,"column":13}},"30":{"start":{"line":31,"column":0},"end":{"line":31,"column":21}},"31":{"start":{"line":32,"column":0},"end":{"line":32,"column":78}},"32":{"start":{"line":33,"column":0},"end":{"line":33,"column":12}},"33":{"start":{"line":34,"column":0},"end":{"line":34,"column":11}},"34":{"start":{"line":35,"column":0},"end":{"line":35,"column":4}},"35":{"start":{"line":36,"column":0},"end":{"line":36,"column":2}},"36":{"start":{"line":37,"column":0},"end":{"line":37,"column":0}},"37":{"start":{"line":38,"column":0},"end":{"line":38,"column":23}}},"s":{"0":1,"1":1,"2":1,"3":1,"4":1,"5":1,"6":9,"7":9,"8":9,"9":9,"10":9,"11":1,"12":1,"13":9,"14":9,"15":0,"16":0,"17":9,"18":9,"19":9,"20":9,"21":0,"22":0,"23":7,"24":7,"25":7,"26":7,"27":7,"28":7,"29":7,"30":7,"31":7,"32":7,"33":7,"34":7,"35":7,"36":1,"37":1},"branchMap":{"0":{"type":"branch","line":6,"loc":{"start":{"line":6,"column":16},"end":{"line":36,"column":2}},"locations":[{"start":{"line":6,"column":16},"end":{"line":36,"column":2}}]},"1":{"type":"branch","line":21,"loc":{"start":{"line":21,"column":13},"end":{"line":23,"column":3}},"locations":[{"start":{"line":21,"column":13},"end":{"line":23,"column":3}}]},"2":{"type":"branch","line":23,"loc":{"start":{"line":23,"column":2},"end":{"line":36,"column":2}},"locations":[{"start":{"line":23,"column":2},"end":{"line":36,"column":2}}]},"3":{"type":"branch","line":11,"loc":{"start":{"line":11,"column":23},"end":{"line":13,"column":4}},"locations":[{"start":{"line":11,"column":23},"end":{"line":13,"column":4}}]}},"b":{"0":[9],"1":[0],"2":[7],"3":[1]},"fnMap":{"0":{"name":"TodoApp","decl":{"start":{"line":6,"column":16},"end":{"line":36,"column":2}},"loc":{"start":{"line":6,"column":16},"end":{"line":36,"column":2}},"line":6},"1":{"name":"handleDelete","decl":{"start":{"line":11,"column":23},"end":{"line":13,"column":4}},"loc":{"start":{"line":11,"column":23},"end":{"line":13,"column":4}},"line":11},"2":{"name":"handleEdit","decl":{"start":{"line":15,"column":21},"end":{"line":17,"column":4}},"loc":{"start":{"line":15,"column":21},"end":{"line":17,"column":4}},"line":15}},"f":{"0":9,"1":1,"2":0}}
,"C:\\Users\\じゅぶ\\Desktop\\dev\\course\\todo-with-hono-app\\todo-with-hono-frontend\\src\\components\\TodoInput.tsx": {"path":"C:\\Users\\じゅぶ\\Desktop\\dev\\course\\todo-with-hono-app\\todo-with-hono-frontend\\src\\components\\TodoInput.tsx","all":false,"statementMap":{"0":{"start":{"line":1,"column":0},"end":{"line":1,"column":33}},"1":{"start":{"line":2,"column":0},"end":{"line":2,"column":47}},"2":{"start":{"line":3,"column":0},"end":{"line":3,"column":0}},"3":{"start":{"line":4,"column":0},"end":{"line":4,"column":25}},"4":{"start":{"line":5,"column":0},"end":{"line":5,"column":57}},"5":{"start":{"line":6,"column":0},"end":{"line":6,"column":0}},"6":{"start":{"line":7,"column":0},"end":{"line":7,"column":32}},"7":{"start":{"line":8,"column":0},"end":{"line":8,"column":0}},"8":{"start":{"line":9,"column":0},"end":{"line":9,"column":10}},"9":{"start":{"line":10,"column":0},"end":{"line":10,"column":44}},"10":{"start":{"line":11,"column":0},"end":{"line":11,"column":12}},"11":{"start":{"line":12,"column":0},"end":{"line":12,"column":181}},"12":{"start":{"line":13,"column":0},"end":{"line":13,"column":36}},"13":{"start":{"line":14,"column":0},"end":{"line":14,"column":19}},"14":{"start":{"line":15,"column":0},"end":{"line":15,"column":54}},"15":{"start":{"line":16,"column":0},"end":{"line":16,"column":25}},"16":{"start":{"line":17,"column":0},"end":{"line":17,"column":8}},"17":{"start":{"line":18,"column":0},"end":{"line":18,"column":13}},"18":{"start":{"line":19,"column":0},"end":{"line":19,"column":24}},"19":{"start":{"line":20,"column":0},"end":{"line":20,"column":48}},"20":{"start":{"line":21,"column":0},"end":{"line":21,"column":10}},"21":{"start":{"line":22,"column":0},"end":{"line":22,"column":93}},"22":{"start":{"line":23,"column":0},"end":{"line":23,"column":7}},"23":{"start":{"line":24,"column":0},"end":{"line":24,"column":11}},"24":{"start":{"line":25,"column":0},"end":{"line":25,"column":15}},"25":{"start":{"line":26,"column":0},"end":{"line":26,"column":10}},"26":{"start":{"line":27,"column":0},"end":{"line":27,"column":4}},"27":{"start":{"line":28,"column":0},"end":{"line":28,"column":2}},"28":{"start":{"line":29,"column":0},"end":{"line":29,"column":0}},"29":{"start":{"line":30,"column":0},"end":{"line":30,"column":25}}},"s":{"0":1,"1":1,"2":1,"3":1,"4":22,"5":22,"6":22,"7":22,"8":22,"9":22,"10":22,"11":22,"12":22,"13":22,"14":22,"15":22,"16":22,"17":22,"18":22,"19":2,"20":2,"21":22,"22":22,"23":22,"24":22,"25":22,"26":22,"27":22,"28":1,"29":1},"branchMap":{"0":{"type":"branch","line":4,"loc":{"start":{"line":4,"column":18},"end":{"line":28,"column":2}},"locations":[{"start":{"line":4,"column":18},"end":{"line":28,"column":2}}]},"1":{"type":"branch","line":15,"loc":{"start":{"line":15,"column":18},"end":{"line":15,"column":54}},"locations":[{"start":{"line":15,"column":18},"end":{"line":15,"column":54}}]},"2":{"type":"branch","line":19,"loc":{"start":{"line":19,"column":17},"end":{"line":21,"column":10}},"locations":[{"start":{"line":19,"column":17},"end":{"line":21,"column":10}}]}},"b":{"0":[22],"1":[13],"2":[2]},"fnMap":{"0":{"name":"TodoInput","decl":{"start":{"line":4,"column":18},"end":{"line":28,"column":2}},"loc":{"start":{"line":4,"column":18},"end":{"line":28,"column":2}},"line":4},"1":{"name":"onChange","decl":{"start":{"line":15,"column":18},"end":{"line":15,"column":54}},"loc":{"start":{"line":15,"column":18},"end":{"line":15,"column":54}},"line":15},"2":{"name":"onClick","decl":{"start":{"line":19,"column":17},"end":{"line":21,"column":10}},"loc":{"start":{"line":19,"column":17},"end":{"line":21,"column":10}},"line":19}},"f":{"0":22,"1":13,"2":2}}
,"C:\\Users\\じゅぶ\\Desktop\\dev\\course\\todo-with-hono-app\\todo-with-hono-frontend\\src\\components\\TodoList.tsx": {"path":"C:\\Users\\じゅぶ\\Desktop\\dev\\course\\todo-with-hono-app\\todo-with-hono-frontend\\src\\components\\TodoList.tsx","all":false,"statementMap":{"0":{"start":{"line":1,"column":0},"end":{"line":1,"column":34}},"1":{"start":{"line":2,"column":0},"end":{"line":2,"column":26}},"2":{"start":{"line":3,"column":0},"end":{"line":3,"column":0}},"3":{"start":{"line":4,"column":0},"end":{"line":4,"column":25}},"4":{"start":{"line":5,"column":0},"end":{"line":5,"column":20}},"5":{"start":{"line":6,"column":0},"end":{"line":6,"column":33}},"6":{"start":{"line":7,"column":0},"end":{"line":7,"column":63}},"7":{"start":{"line":8,"column":0},"end":{"line":8,"column":1}},"8":{"start":{"line":9,"column":0},"end":{"line":9,"column":0}},"9":{"start":{"line":10,"column":0},"end":{"line":10,"column":66}},"10":{"start":{"line":11,"column":0},"end":{"line":11,"column":10}},"11":{"start":{"line":12,"column":0},"end":{"line":12,"column":31}},"12":{"start":{"line":13,"column":0},"end":{"line":13,"column":28}},"13":{"start":{"line":14,"column":0},"end":{"line":14,"column":78}},"14":{"start":{"line":15,"column":0},"end":{"line":15,"column":9}},"15":{"start":{"line":16,"column":0},"end":{"line":16,"column":10}},"16":{"start":{"line":17,"column":0},"end":{"line":17,"column":4}},"17":{"start":{"line":18,"column":0},"end":{"line":18,"column":2}},"18":{"start":{"line":19,"column":0},"end":{"line":19,"column":0}},"19":{"start":{"line":20,"column":0},"end":{"line":20,"column":24}}},"s":{"0":1,"1":1,"2":1,"3":1,"4":1,"5":1,"6":1,"7":1,"8":1,"9":1,"10":7,"11":7,"12":7,"13":7,"14":7,"15":7,"16":7,"17":7,"18":1,"19":1},"branchMap":{"0":{"type":"branch","line":10,"loc":{"start":{"line":10,"column":17},"end":{"line":18,"column":2}},"locations":[{"start":{"line":10,"column":17},"end":{"line":18,"column":2}}]}},"b":{"0":[7]},"fnMap":{"0":{"name":"TodoList","decl":{"start":{"line":10,"column":17},"end":{"line":18,"column":2}},"loc":{"start":{"line":10,"column":17},"end":{"line":18,"column":2}},"line":10}},"f":{"0":7}}
,"C:\\Users\\じゅぶ\\Desktop\\dev\\course\\todo-with-hono-app\\todo-with-hono-frontend\\src\\hooks\\mutation.ts": {"path":"C:\\Users\\じゅぶ\\Desktop\\dev\\course\\todo-with-hono-app\\todo-with-hono-frontend\\src\\hooks\\mutation.ts","all":false,"statementMap":{"0":{"start":{"line":1,"column":0},"end":{"line":1,"column":68}},"1":{"start":{"line":2,"column":0},"end":{"line":2,"column":38}},"2":{"start":{"line":3,"column":0},"end":{"line":3,"column":0}},"3":{"start":{"line":4,"column":0},"end":{"line":4,"column":33}},"4":{"start":{"line":5,"column":0},"end":{"line":5,"column":39}},"5":{"start":{"line":6,"column":0},"end":{"line":6,"column":0}},"6":{"start":{"line":7,"column":0},"end":{"line":7,"column":22}},"7":{"start":{"line":8,"column":0},"end":{"line":8,"column":42}},"8":{"start":{"line":9,"column":0},"end":{"line":9,"column":67}},"9":{"start":{"line":10,"column":0},"end":{"line":10,"column":23}},"10":{"start":{"line":11,"column":0},"end":{"line":11,"column":18}},"11":{"start":{"line":12,"column":0},"end":{"line":12,"column":45}},"12":{"start":{"line":13,"column":0},"end":{"line":13,"column":10}},"13":{"start":{"line":14,"column":0},"end":{"line":14,"column":38}},"14":{"start":{"line":15,"column":0},"end":{"line":15,"column":9}},"15":{"start":{"line":16,"column":0},"end":{"line":16,"column":6}},"16":{"start":{"line":17,"column":0},"end":{"line":17,"column":22}},"17":{"start":{"line":18,"column":0},"end":{"line":18,"column":61}},"18":{"start":{"line":19,"column":0},"end":{"line":19,"column":6}},"19":{"start":{"line":20,"column":0},"end":{"line":20,"column":5}},"20":{"start":{"line":21,"column":0},"end":{"line":21,"column":2}},"21":{"start":{"line":22,"column":0},"end":{"line":22,"column":0}},"22":{"start":{"line":23,"column":0},"end":{"line":23,"column":36}},"23":{"start":{"line":24,"column":0},"end":{"line":24,"column":39}},"24":{"start":{"line":25,"column":0},"end":{"line":25,"column":0}},"25":{"start":{"line":26,"column":0},"end":{"line":26,"column":22}},"26":{"start":{"line":27,"column":0},"end":{"line":27,"column":39}},"27":{"start":{"line":28,"column":0},"end":{"line":28,"column":73}},"28":{"start":{"line":29,"column":0},"end":{"line":29,"column":25}},"29":{"start":{"line":30,"column":0},"end":{"line":30,"column":9}},"30":{"start":{"line":31,"column":0},"end":{"line":31,"column":6}},"31":{"start":{"line":32,"column":0},"end":{"line":32,"column":22}},"32":{"start":{"line":33,"column":0},"end":{"line":33,"column":61}},"33":{"start":{"line":34,"column":0},"end":{"line":34,"column":6}},"34":{"start":{"line":35,"column":0},"end":{"line":35,"column":5}},"35":{"start":{"line":36,"column":0},"end":{"line":36,"column":2}},"36":{"start":{"line":37,"column":0},"end":{"line":37,"column":0}},"37":{"start":{"line":38,"column":0},"end":{"line":38,"column":34}},"38":{"start":{"line":39,"column":0},"end":{"line":39,"column":39}},"39":{"start":{"line":40,"column":0},"end":{"line":40,"column":0}},"40":{"start":{"line":41,"column":0},"end":{"line":41,"column":22}},"41":{"start":{"line":42,"column":0},"end":{"line":42,"column":24}},"42":{"start":{"line":43,"column":0},"end":{"line":43,"column":9}},"43":{"start":{"line":44,"column":0},"end":{"line":44,"column":12}},"44":{"start":{"line":45,"column":0},"end":{"line":45,"column":18}},"45":{"start":{"line":46,"column":0},"end":{"line":46,"column":8}},"46":{"start":{"line":47,"column":0},"end":{"line":47,"column":17}},"47":{"start":{"line":48,"column":0},"end":{"line":48,"column":20}},"48":{"start":{"line":49,"column":0},"end":{"line":49,"column":27}},"49":{"start":{"line":50,"column":0},"end":{"line":50,"column":11}},"50":{"start":{"line":51,"column":0},"end":{"line":51,"column":51}},"51":{"start":{"line":52,"column":0},"end":{"line":52,"column":0}},"52":{"start":{"line":53,"column":0},"end":{"line":53,"column":73}},"53":{"start":{"line":54,"column":0},"end":{"line":54,"column":22}},"54":{"start":{"line":55,"column":0},"end":{"line":55,"column":18}},"55":{"start":{"line":56,"column":0},"end":{"line":56,"column":45}},"56":{"start":{"line":57,"column":0},"end":{"line":57,"column":10}},"57":{"start":{"line":58,"column":0},"end":{"line":58,"column":52}},"58":{"start":{"line":59,"column":0},"end":{"line":59,"column":9}},"59":{"start":{"line":60,"column":0},"end":{"line":60,"column":6}},"60":{"start":{"line":61,"column":0},"end":{"line":61,"column":22}},"61":{"start":{"line":62,"column":0},"end":{"line":62,"column":61}},"62":{"start":{"line":63,"column":0},"end":{"line":63,"column":6}},"63":{"start":{"line":64,"column":0},"end":{"line":64,"column":5}},"64":{"start":{"line":65,"column":0},"end":{"line":65,"column":2}}},"s":{"0":1,"1":1,"2":1,"3":1,"4":22,"5":22,"6":22,"7":22,"8":2,"9":2,"10":2,"11":2,"12":2,"13":2,"14":2,"15":2,"16":22,"17":2,"18":2,"19":22,"20":22,"21":1,"22":1,"23":9,"24":9,"25":9,"26":9,"27":1,"28":1,"29":1,"30":1,"31":9,"32":1,"33":1,"34":9,"35":9,"36":1,"37":1,"38":9,"39":9,"40":9,"41":9,"42":0,"43":0,"44":0,"45":0,"46":0,"47":0,"48":0,"49":0,"50":0,"51":0,"52":0,"53":0,"54":0,"55":0,"56":0,"57":0,"58":0,"59":0,"60":9,"61":0,"62":0,"63":9,"64":9},"branchMap":{"0":{"type":"branch","line":4,"loc":{"start":{"line":4,"column":26},"end":{"line":21,"column":2}},"locations":[{"start":{"line":4,"column":26},"end":{"line":21,"column":2}}]},"1":{"type":"branch","line":8,"loc":{"start":{"line":8,"column":16},"end":{"line":16,"column":6}},"locations":[{"start":{"line":8,"column":16},"end":{"line":16,"column":6}}]},"2":{"type":"branch","line":17,"loc":{"start":{"line":17,"column":15},"end":{"line":19,"column":6}},"locations":[{"start":{"line":17,"column":15},"end":{"line":19,"column":6}}]},"3":{"type":"branch","line":23,"loc":{"start":{"line":23,"column":29},"end":{"line":36,"column":2}},"locations":[{"start":{"line":23,"column":29},"end":{"line":36,"column":2}}]},"4":{"type":"branch","line":27,"loc":{"start":{"line":27,"column":16},"end":{"line":31,"column":6}},"locations":[{"start":{"line":27,"column":16},"end":{"line":31,"column":6}}]},"5":{"type":"branch","line":32,"loc":{"start":{"line":32,"column":15},"end":{"line":34,"column":6}},"locations":[{"start":{"line":32,"column":15},"end":{"line":34,"column":6}}]},"6":{"type":"branch","line":38,"loc":{"start":{"line":38,"column":27},"end":{"line":65,"column":2}},"locations":[{"start":{"line":38,"column":27},"end":{"line":65,"column":2}}]}},"b":{"0":[22],"1":[2],"2":[2],"3":[9],"4":[1],"5":[1],"6":[9]},"fnMap":{"0":{"name":"useAddTodo","decl":{"start":{"line":4,"column":26},"end":{"line":21,"column":2}},"loc":{"start":{"line":4,"column":26},"end":{"line":21,"column":2}},"line":4},"1":{"name":"mutationFn","decl":{"start":{"line":8,"column":16},"end":{"line":16,"column":6}},"loc":{"start":{"line":8,"column":16},"end":{"line":16,"column":6}},"line":8},"2":{"name":"onSuccess","decl":{"start":{"line":17,"column":15},"end":{"line":19,"column":6}},"loc":{"start":{"line":17,"column":15},"end":{"line":19,"column":6}},"line":17},"3":{"name":"useDeleteTodo","decl":{"start":{"line":23,"column":29},"end":{"line":36,"column":2}},"loc":{"start":{"line":23,"column":29},"end":{"line":36,"column":2}},"line":23},"4":{"name":"mutationFn","decl":{"start":{"line":27,"column":16},"end":{"line":31,"column":6}},"loc":{"start":{"line":27,"column":16},"end":{"line":31,"column":6}},"line":27},"5":{"name":"onSuccess","decl":{"start":{"line":32,"column":15},"end":{"line":34,"column":6}},"loc":{"start":{"line":32,"column":15},"end":{"line":34,"column":6}},"line":32},"6":{"name":"useEditTodo","decl":{"start":{"line":38,"column":27},"end":{"line":65,"column":2}},"loc":{"start":{"line":38,"column":27},"end":{"line":65,"column":2}},"line":38},"7":{"name":"mutationFn","decl":{"start":{"line":42,"column":16},"end":{"line":60,"column":6}},"loc":{"start":{"line":42,"column":16},"end":{"line":60,"column":6}},"line":42},"8":{"name":"onSuccess","decl":{"start":{"line":61,"column":15},"end":{"line":63,"column":6}},"loc":{"start":{"line":61,"column":15},"end":{"line":63,"column":6}},"line":61}},"f":{"0":22,"1":2,"2":2,"3":9,"4":1,"5":1,"6":9,"7":0,"8":0}}
,"C:\\Users\\じゅぶ\\Desktop\\dev\\course\\todo-with-hono-app\\todo-with-hono-frontend\\src\\hooks\\query.ts": {"path":"C:\\Users\\じゅぶ\\Desktop\\dev\\course\\todo-with-hono-app\\todo-with-hono-frontend\\src\\hooks\\query.ts","all":false,"statementMap":{"0":{"start":{"line":1,"column":0},"end":{"line":1,"column":49}},"1":{"start":{"line":2,"column":0},"end":{"line":2,"column":0}},"2":{"start":{"line":3,"column":0},"end":{"line":3,"column":36}},"3":{"start":{"line":4,"column":0},"end":{"line":4,"column":19}},"4":{"start":{"line":5,"column":0},"end":{"line":5,"column":24}},"5":{"start":{"line":6,"column":0},"end":{"line":6,"column":26}},"6":{"start":{"line":7,"column":0},"end":{"line":7,"column":76}},"7":{"start":{"line":8,"column":0},"end":{"line":8,"column":25}},"8":{"start":{"line":9,"column":0},"end":{"line":9,"column":54}},"9":{"start":{"line":10,"column":0},"end":{"line":10,"column":7}},"10":{"start":{"line":11,"column":0},"end":{"line":11,"column":29}},"11":{"start":{"line":12,"column":0},"end":{"line":12,"column":6}},"12":{"start":{"line":13,"column":0},"end":{"line":13,"column":5}},"13":{"start":{"line":14,"column":0},"end":{"line":14,"column":2}}},"s":{"0":1,"1":1,"2":1,"3":9,"4":9,"5":9,"6":6,"7":6,"8":0,"9":0,"10":6,"11":6,"12":9,"13":9},"branchMap":{"0":{"type":"branch","line":3,"loc":{"start":{"line":3,"column":29},"end":{"line":14,"column":2}},"locations":[{"start":{"line":3,"column":29},"end":{"line":14,"column":2}}]},"1":{"type":"branch","line":6,"loc":{"start":{"line":6,"column":13},"end":{"line":12,"column":6}},"locations":[{"start":{"line":6,"column":13},"end":{"line":12,"column":6}}]},"2":{"type":"branch","line":8,"loc":{"start":{"line":8,"column":24},"end":{"line":10,"column":7}},"locations":[{"start":{"line":8,"column":24},"end":{"line":10,"column":7}}]}},"b":{"0":[9],"1":[6],"2":[0]},"fnMap":{"0":{"name":"useFetchTodos","decl":{"start":{"line":3,"column":29},"end":{"line":14,"column":2}},"loc":{"start":{"line":3,"column":29},"end":{"line":14,"column":2}},"line":3},"1":{"name":"queryFn","decl":{"start":{"line":6,"column":13},"end":{"line":12,"column":6}},"loc":{"start":{"line":6,"column":13},"end":{"line":12,"column":6}},"line":6}},"f":{"0":9,"1":6}}
,"C:\\Users\\じゅぶ\\Desktop\\dev\\course\\todo-with-hono-app\\todo-with-hono-frontend\\src\\test\\server.ts": {"path":"C:\\Users\\じゅぶ\\Desktop\\dev\\course\\todo-with-hono-app\\todo-with-hono-frontend\\src\\test\\server.ts","all":false,"statementMap":{"0":{"start":{"line":1,"column":0},"end":{"line":1,"column":39}},"1":{"start":{"line":2,"column":0},"end":{"line":2,"column":44}},"2":{"start":{"line":3,"column":0},"end":{"line":3,"column":0}},"3":{"start":{"line":4,"column":0},"end":{"line":4,"column":50}}},"s":{"0":1,"1":1,"2":1,"3":1},"branchMap":{},"b":{},"fnMap":{},"f":{}}
,"C:\\Users\\じゅぶ\\Desktop\\dev\\course\\todo-with-hono-app\\todo-with-hono-frontend\\src\\test\\mocks\\handlers.ts": {"path":"C:\\Users\\じゅぶ\\Desktop\\dev\\course\\todo-with-hono-app\\todo-with-hono-frontend\\src\\test\\mocks\\handlers.ts","all":false,"statementMap":{"0":{"start":{"line":1,"column":0},"end":{"line":1,"column":41}},"1":{"start":{"line":2,"column":0},"end":{"line":2,"column":0}},"2":{"start":{"line":3,"column":0},"end":{"line":3,"column":13}},"3":{"start":{"line":4,"column":0},"end":{"line":4,"column":48}},"4":{"start":{"line":5,"column":0},"end":{"line":5,"column":41}},"5":{"start":{"line":6,"column":0},"end":{"line":6,"column":2}},"6":{"start":{"line":7,"column":0},"end":{"line":7,"column":0}},"7":{"start":{"line":8,"column":0},"end":{"line":8,"column":25}},"8":{"start":{"line":9,"column":0},"end":{"line":9,"column":55}},"9":{"start":{"line":10,"column":0},"end":{"line":10,"column":53}},"10":{"start":{"line":11,"column":0},"end":{"line":11,"column":5}},"11":{"start":{"line":12,"column":0},"end":{"line":12,"column":0}},"12":{"start":{"line":13,"column":0},"end":{"line":13,"column":65}},"13":{"start":{"line":14,"column":0},"end":{"line":14,"column":30}},"14":{"start":{"line":15,"column":0},"end":{"line":15,"column":22}},"15":{"start":{"line":16,"column":0},"end":{"line":16,"column":56}},"16":{"start":{"line":17,"column":0},"end":{"line":17,"column":77}},"17":{"start":{"line":18,"column":0},"end":{"line":18,"column":5}},"18":{"start":{"line":19,"column":0},"end":{"line":19,"column":0}},"19":{"start":{"line":20,"column":0},"end":{"line":20,"column":27}},"20":{"start":{"line":21,"column":0},"end":{"line":21,"column":59}},"21":{"start":{"line":22,"column":0},"end":{"line":22,"column":29}},"22":{"start":{"line":23,"column":0},"end":{"line":23,"column":57}},"23":{"start":{"line":24,"column":0},"end":{"line":24,"column":21}},"24":{"start":{"line":25,"column":0},"end":{"line":25,"column":6}},"25":{"start":{"line":26,"column":0},"end":{"line":26,"column":5}},"26":{"start":{"line":27,"column":0},"end":{"line":27,"column":0}},"27":{"start":{"line":28,"column":0},"end":{"line":28,"column":59}},"28":{"start":{"line":29,"column":0},"end":{"line":29,"column":66}},"29":{"start":{"line":30,"column":0},"end":{"line":30,"column":54}},"30":{"start":{"line":31,"column":0},"end":{"line":31,"column":69}},"31":{"start":{"line":32,"column":0},"end":{"line":32,"column":47}},"32":{"start":{"line":33,"column":0},"end":{"line":33,"column":61}},"33":{"start":{"line":34,"column":0},"end":{"line":34,"column":5}},"34":{"start":{"line":35,"column":0},"end":{"line":35,"column":2}}},"s":{"0":1,"1":1,"2":1,"3":1,"4":1,"5":1,"6":1,"7":1,"8":1,"9":6,"10":6,"11":1,"12":1,"13":1,"14":1,"15":1,"16":0,"17":0,"18":1,"19":1,"20":1,"21":1,"22":1,"23":1,"24":1,"25":1,"26":1,"27":1,"28":2,"29":2,"30":2,"31":2,"32":2,"33":2,"34":1},"branchMap":{"0":{"type":"branch","line":9,"loc":{"start":{"line":9,"column":42},"end":{"line":11,"column":5}},"locations":[{"start":{"line":9,"column":42},"end":{"line":11,"column":5}}]},"1":{"type":"branch","line":13,"loc":{"start":{"line":13,"column":49},"end":{"line":26,"column":5}},"locations":[{"start":{"line":13,"column":49},"end":{"line":26,"column":5}}]},"2":{"type":"branch","line":16,"loc":{"start":{"line":16,"column":55},"end":{"line":18,"column":5}},"locations":[{"start":{"line":16,"column":55},"end":{"line":18,"column":5}}]},"3":{"type":"branch","line":16,"loc":{"start":{"line":16,"column":20},"end":{"line":16,"column":55}},"locations":[{"start":{"line":16,"column":20},"end":{"line":16,"column":55}}]},"4":{"type":"branch","line":21,"loc":{"start":{"line":21,"column":25},"end":{"line":21,"column":59}},"locations":[{"start":{"line":21,"column":25},"end":{"line":21,"column":59}}]},"5":{"type":"branch","line":28,"loc":{"start":{"line":28,"column":43},"end":{"line":34,"column":5}},"locations":[{"start":{"line":28,"column":43},"end":{"line":34,"column":5}}]}},"b":{"0":[6],"1":[1],"2":[0],"3":[4],"4":[4],"5":[2]},"fnMap":{},"f":{}}
}
